Started GET "/" for 127.0.0.1 at 2017-12-11 15:57:32 +0100
Processing by Rails::WelcomeController#index as HTML
  Rendering /home/ubuntu/.rbenv/versions/2.4.2/lib/ruby/gems/2.4.0/gems/railties-5.1.4/lib/rails/templates/rails/welcome/index.html.erb
  Rendered /home/ubuntu/.rbenv/versions/2.4.2/lib/ruby/gems/2.4.0/gems/railties-5.1.4/lib/rails/templates/rails/welcome/index.html.erb (2.9ms)
Completed 200 OK in 388ms (Views: 9.8ms)


Started GET "/" for 127.0.0.1 at 2017-12-11 15:57:34 +0100
Processing by Rails::WelcomeController#index as HTML
  Rendering /home/ubuntu/.rbenv/versions/2.4.2/lib/ruby/gems/2.4.0/gems/railties-5.1.4/lib/rails/templates/rails/welcome/index.html.erb
  Rendered /home/ubuntu/.rbenv/versions/2.4.2/lib/ruby/gems/2.4.0/gems/railties-5.1.4/lib/rails/templates/rails/welcome/index.html.erb (2.5ms)
Completed 200 OK in 6ms (Views: 4.3ms)


Started GET "/" for 127.0.0.1 at 2017-12-11 15:57:36 +0100
Processing by Rails::WelcomeController#index as HTML
  Rendering /home/ubuntu/.rbenv/versions/2.4.2/lib/ruby/gems/2.4.0/gems/railties-5.1.4/lib/rails/templates/rails/welcome/index.html.erb
  Rendered /home/ubuntu/.rbenv/versions/2.4.2/lib/ruby/gems/2.4.0/gems/railties-5.1.4/lib/rails/templates/rails/welcome/index.html.erb (4.6ms)
Completed 200 OK in 10ms (Views: 8.1ms)


Started GET "/" for 127.0.0.1 at 2017-12-11 16:25:58 +0100
Processing by Rails::WelcomeController#index as HTML
  Rendering /home/ubuntu/.rbenv/versions/2.4.2/lib/ruby/gems/2.4.0/gems/railties-5.1.4/lib/rails/templates/rails/welcome/index.html.erb
  Rendered /home/ubuntu/.rbenv/versions/2.4.2/lib/ruby/gems/2.4.0/gems/railties-5.1.4/lib/rails/templates/rails/welcome/index.html.erb (2.7ms)
Completed 200 OK in 6ms (Views: 4.5ms)


Started GET "/" for 127.0.0.1 at 2017-12-11 16:25:59 +0100
Processing by Rails::WelcomeController#index as HTML
  Rendering /home/ubuntu/.rbenv/versions/2.4.2/lib/ruby/gems/2.4.0/gems/railties-5.1.4/lib/rails/templates/rails/welcome/index.html.erb
  Rendered /home/ubuntu/.rbenv/versions/2.4.2/lib/ruby/gems/2.4.0/gems/railties-5.1.4/lib/rails/templates/rails/welcome/index.html.erb (5.3ms)
Completed 200 OK in 11ms (Views: 8.2ms)


Started GET "/" for 127.0.0.1 at 2017-12-11 16:25:59 +0100
Processing by Rails::WelcomeController#index as HTML
  Rendering /home/ubuntu/.rbenv/versions/2.4.2/lib/ruby/gems/2.4.0/gems/railties-5.1.4/lib/rails/templates/rails/welcome/index.html.erb
  Rendered /home/ubuntu/.rbenv/versions/2.4.2/lib/ruby/gems/2.4.0/gems/railties-5.1.4/lib/rails/templates/rails/welcome/index.html.erb (4.3ms)
Completed 200 OK in 21ms (Views: 7.8ms)


Started GET "/" for 127.0.0.1 at 2017-12-11 16:26:09 +0100
Processing by Rails::WelcomeController#index as HTML
  Rendering /home/ubuntu/.rbenv/versions/2.4.2/lib/ruby/gems/2.4.0/gems/railties-5.1.4/lib/rails/templates/rails/welcome/index.html.erb
  Rendered /home/ubuntu/.rbenv/versions/2.4.2/lib/ruby/gems/2.4.0/gems/railties-5.1.4/lib/rails/templates/rails/welcome/index.html.erb (2.2ms)
Completed 200 OK in 5ms (Views: 3.4ms)


Started GET "/" for 127.0.0.1 at 2017-12-11 16:26:09 +0100
Processing by Rails::WelcomeController#index as HTML
  Rendering /home/ubuntu/.rbenv/versions/2.4.2/lib/ruby/gems/2.4.0/gems/railties-5.1.4/lib/rails/templates/rails/welcome/index.html.erb
  Rendered /home/ubuntu/.rbenv/versions/2.4.2/lib/ruby/gems/2.4.0/gems/railties-5.1.4/lib/rails/templates/rails/welcome/index.html.erb (1.5ms)
Completed 200 OK in 3ms (Views: 2.4ms)


Started GET "/" for 127.0.0.1 at 2017-12-11 16:26:10 +0100
Processing by Rails::WelcomeController#index as HTML
  Rendering /home/ubuntu/.rbenv/versions/2.4.2/lib/ruby/gems/2.4.0/gems/railties-5.1.4/lib/rails/templates/rails/welcome/index.html.erb
  Rendered /home/ubuntu/.rbenv/versions/2.4.2/lib/ruby/gems/2.4.0/gems/railties-5.1.4/lib/rails/templates/rails/welcome/index.html.erb (20.3ms)
Completed 200 OK in 29ms (Views: 23.1ms)


Started GET "/" for 127.0.0.1 at 2017-12-11 16:26:10 +0100
Processing by Rails::WelcomeController#index as HTML
  Rendering /home/ubuntu/.rbenv/versions/2.4.2/lib/ruby/gems/2.4.0/gems/railties-5.1.4/lib/rails/templates/rails/welcome/index.html.erb
  Rendered /home/ubuntu/.rbenv/versions/2.4.2/lib/ruby/gems/2.4.0/gems/railties-5.1.4/lib/rails/templates/rails/welcome/index.html.erb (36.5ms)
Completed 200 OK in 39ms (Views: 37.8ms)


Started GET "/" for 127.0.0.1 at 2017-12-11 16:26:10 +0100
Processing by Rails::WelcomeController#index as HTML
  Rendering /home/ubuntu/.rbenv/versions/2.4.2/lib/ruby/gems/2.4.0/gems/railties-5.1.4/lib/rails/templates/rails/welcome/index.html.erb
  Rendered /home/ubuntu/.rbenv/versions/2.4.2/lib/ruby/gems/2.4.0/gems/railties-5.1.4/lib/rails/templates/rails/welcome/index.html.erb (2.6ms)
Completed 200 OK in 4ms (Views: 3.5ms)


